This is pdfTeX, Version 3.14159265-2.6-1.40.21 (TeX Live 2020) (preloaded format=pdflatex 2020.10.31)  5 FEB 2021 01:46
entering extended mode
 restricted \write18 enabled.
 %&-line parsing enabled.
**synopsis_booklet.tex
(./synopsis_booklet.tex
LaTeX2e <2020-02-02> patch level 5
L3 programming layer <2020-03-06>
(/usr/local/texlive/2020/texmf-dist/tex/latex/koma-script/scrartcl.cls
Document Class: scrartcl 2020/01/24 v3.29 KOMA-Script document class (article)
(/usr/local/texlive/2020/texmf-dist/tex/latex/koma-script/scrkbase.sty
Package: scrkbase 2020/01/24 v3.29 KOMA-Script package (KOMA-Script-dependent b
asics and keyval usage)

(/usr/local/texlive/2020/texmf-dist/tex/latex/koma-script/scrbase.sty
Package: scrbase 2020/01/24 v3.29 KOMA-Script package (KOMA-Script-independent 
basics and keyval usage)

(/usr/local/texlive/2020/texmf-dist/tex/latex/graphics/keyval.sty
Package: keyval 2014/10/28 v1.15 key=value parser (DPC)
\KV@toks@=\toks15
)
(/usr/local/texlive/2020/texmf-dist/tex/latex/koma-script/scrlfile.sty
Package: scrlfile 2020/01/24 v3.29 KOMA-Script package (loading files)
)))
(/usr/local/texlive/2020/texmf-dist/tex/latex/koma-script/tocbasic.sty
Package: tocbasic 2020/01/24 v3.29 KOMA-Script package (handling toc-files)
\scr@dte@tocline@numberwidth=\skip47
\scr@dte@tocline@numbox=\box45
)
Package tocbasic Info: omitting babel extension for `toc'
(tocbasic)             because of feature `nobabel' available
(tocbasic)             for `toc' on input line 137.
Class scrartcl Info: File `scrsize11pt.clo' used instead of
(scrartcl)           file `scrsize11.clo' to setup font sizes on input line 221
2.

(/usr/local/texlive/2020/texmf-dist/tex/latex/koma-script/scrsize11pt.clo
File: scrsize11pt.clo 2020/01/24 v3.29 KOMA-Script font size class option (11pt
)
)
(/usr/local/texlive/2020/texmf-dist/tex/latex/koma-script/typearea.sty
Package: typearea 2020/01/24 v3.29 KOMA-Script package (type area)
\ta@bcor=\skip48
\ta@div=\count167
\ta@hblk=\skip49
\ta@vblk=\skip50
\ta@temp=\skip51
\footheight=\skip52
Package typearea Info: These are the values describing the layout:
(typearea)             DIV  = 10
(typearea)             BCOR = 0.0pt
(typearea)             \paperwidth      = 597.50793pt
(typearea)              \textwidth      = 418.25555pt
(typearea)              DIV departure   = -6%
(typearea)              \evensidemargin = 17.3562pt
(typearea)              \oddsidemargin  = 17.3562pt
(typearea)             \paperheight     = 845.04694pt
(typearea)              \textheight     = 595.80026pt
(typearea)              \topmargin      = -25.16531pt
(typearea)              \headheight     = 17.0pt
(typearea)              \headsep        = 20.40001pt
(typearea)              \topskip        = 11.0pt
(typearea)              \footskip       = 47.6pt
(typearea)              \baselineskip   = 13.6pt
(typearea)              on input line 1719.
)
\c@part=\count168
\c@section=\count169
\c@subsection=\count170
\c@subsubsection=\count171
\c@paragraph=\count172
\c@subparagraph=\count173
\scr@dte@section@maxnumwidth=\skip53
Class scrartcl Info: using compatibility default `runin=bysign'
(scrartcl)           for `\section on input line 4723.
Class scrartcl Info: using compatibility default `afterindent=bysign'
(scrartcl)           for `\section on input line 4723.
\scr@dte@part@maxnumwidth=\skip54
Class scrartcl Info: using compatibility default `afterindent=false'
(scrartcl)           for `\part on input line 4731.
\scr@dte@subsection@maxnumwidth=\skip55
Class scrartcl Info: using compatibility default `runin=bysign'
(scrartcl)           for `\subsection on input line 4741.
Class scrartcl Info: using compatibility default `afterindent=bysign'
(scrartcl)           for `\subsection on input line 4741.
\scr@dte@subsubsection@maxnumwidth=\skip56
Class scrartcl Info: using compatibility default `runin=bysign'
(scrartcl)           for `\subsubsection on input line 4751.
Class scrartcl Info: using compatibility default `afterindent=bysign'
(scrartcl)           for `\subsubsection on input line 4751.
\scr@dte@paragraph@maxnumwidth=\skip57
Class scrartcl Info: using compatibility default `runin=bysign'
(scrartcl)           for `\paragraph on input line 4761.
Class scrartcl Info: using compatibility default `afterindent=bysign'
(scrartcl)           for `\paragraph on input line 4761.
\scr@dte@subparagraph@maxnumwidth=\skip58
Class scrartcl Info: using compatibility default `runin=bysign'
(scrartcl)           for `\subparagraph on input line 4771.
Class scrartcl Info: using compatibility default `afterindent=bysign'
(scrartcl)           for `\subparagraph on input line 4771.
\abovecaptionskip=\skip59
\belowcaptionskip=\skip60
\c@pti@nb@sid@b@x=\box46
Package tocbasic Info: omitting babel extension for `lof'
(tocbasic)             because of feature `nobabel' available
(tocbasic)             for `lof' on input line 6002.
\scr@dte@figure@maxnumwidth=\skip61
\c@figure=\count174
Package tocbasic Info: omitting babel extension for `lot'
(tocbasic)             because of feature `nobabel' available
(tocbasic)             for `lot' on input line 6014.
\scr@dte@table@maxnumwidth=\skip62
\c@table=\count175
Class scrartcl Info: Redefining `\numberline' on input line 6178.
\bibindent=\dimen134
)
(/usr/local/texlive/2020/texmf-dist/tex/latex/pdfpages/pdfpages.sty
Package: pdfpages 2020/01/28 v0.5q Insert pages of external PDF documents (AM)

(/usr/local/texlive/2020/texmf-dist/tex/latex/base/ifthen.sty
Package: ifthen 2014/09/29 v1.1c Standard LaTeX ifthen package (DPC)
)
(/usr/local/texlive/2020/texmf-dist/tex/latex/tools/calc.sty
Package: calc 2017/05/25 v4.3 Infix arithmetic (KKT,FJ)
\calc@Acount=\count176
\calc@Bcount=\count177
\calc@Adimen=\dimen135
\calc@Bdimen=\dimen136
\calc@Askip=\skip63
\calc@Bskip=\skip64
LaTeX Info: Redefining \setlength on input line 80.
LaTeX Info: Redefining \addtolength on input line 81.
\calc@Ccount=\count178
\calc@Cskip=\skip65
)
(/usr/local/texlive/2020/texmf-dist/tex/latex/eso-pic/eso-pic.sty
Package: eso-pic 2018/04/12 v2.0h eso-pic (RN)

(/usr/local/texlive/2020/texmf-dist/tex/generic/atbegshi/atbegshi.sty
Package: atbegshi 2019/12/05 v1.19 At begin shipout hook (HO)

(/usr/local/texlive/2020/texmf-dist/tex/generic/infwarerr/infwarerr.sty
Package: infwarerr 2019/12/03 v1.5 Providing info/warning/error messages (HO)
)
(/usr/local/texlive/2020/texmf-dist/tex/generic/ltxcmds/ltxcmds.sty
Package: ltxcmds 2019/12/15 v1.24 LaTeX kernel commands for general use (HO)
)
(/usr/local/texlive/2020/texmf-dist/tex/generic/iftex/iftex.sty
Package: iftex 2020/03/06 v1.0d TeX engine tests
))
(/usr/local/texlive/2020/texmf-dist/tex/latex/xcolor/xcolor.sty
Package: xcolor 2016/05/11 v2.12 LaTeX color extensions (UK)

(/usr/local/texlive/2020/texmf-dist/tex/latex/graphics-cfg/color.cfg
File: color.cfg 2016/01/02 v1.6 sample color configuration
)
Package xcolor Info: Driver file: pdftex.def on input line 225.

(/usr/local/texlive/2020/texmf-dist/tex/latex/graphics-def/pdftex.def
File: pdftex.def 2018/01/08 v1.0l Graphics/color driver for pdftex
)
Package xcolor Info: Model `cmy' substituted by `cmy0' on input line 1348.
Package xcolor Info: Model `hsb' substituted by `rgb' on input line 1352.
Package xcolor Info: Model `RGB' extended on input line 1364.
Package xcolor Info: Model `HTML' substituted by `rgb' on input line 1366.
Package xcolor Info: Model `Hsb' substituted by `hsb' on input line 1367.
Package xcolor Info: Model `tHsb' substituted by `hsb' on input line 1368.
Package xcolor Info: Model `HSB' substituted by `hsb' on input line 1369.
Package xcolor Info: Model `Gray' substituted by `gray' on input line 1370.
Package xcolor Info: Model `wave' substituted by `hsb' on input line 1371.
))
(/usr/local/texlive/2020/texmf-dist/tex/latex/graphics/graphicx.sty
Package: graphicx 2019/11/30 v1.2a Enhanced LaTeX Graphics (DPC,SPQR)

(/usr/local/texlive/2020/texmf-dist/tex/latex/graphics/graphics.sty
Package: graphics 2019/11/30 v1.4a Standard LaTeX Graphics (DPC,SPQR)

(/usr/local/texlive/2020/texmf-dist/tex/latex/graphics/trig.sty
Package: trig 2016/01/03 v1.10 sin cos tan (DPC)
)
(/usr/local/texlive/2020/texmf-dist/tex/latex/graphics-cfg/graphics.cfg
File: graphics.cfg 2016/06/04 v1.11 sample graphics configuration
)
Package graphics Info: Driver file: pdftex.def on input line 105.
)
\Gin@req@height=\dimen137
\Gin@req@width=\dimen138
)
\AM@pagewidth=\dimen139
\AM@pageheight=\dimen140

(/usr/local/texlive/2020/texmf-dist/tex/latex/pdfpages/pppdftex.def
File: pppdftex.def 2020/01/28 v0.5q Pdfpages driver for pdfTeX (AM)
)
\AM@pagebox=\box47
\AM@global@opts=\toks16
\AM@pagecnt=\count179
\AM@toc@title=\toks17
\c@AM@survey=\count180
\AM@templatesizebox=\box48
)
(/usr/local/texlive/2020/texmf-dist/tex/latex/l3backend/l3backend-pdfmode.def
File: l3backend-pdfmode.def 2020-03-12 L3 backend support: PDF mode
\l__kernel_color_stack_int=\count181
\l__pdf_internal_box=\box49
)
(./synopsis_booklet.aux)
\openout1 = `synopsis_booklet.aux'.

LaTeX Font Info:    Checking defaults for OML/cmm/m/it on input line 4.
LaTeX Font Info:    ... okay on input line 4.
LaTeX Font Info:    Checking defaults for OMS/cmsy/m/n on input line 4.
LaTeX Font Info:    ... okay on input line 4.
LaTeX Font Info:    Checking defaults for OT1/cmr/m/n on input line 4.
LaTeX Font Info:    ... okay on input line 4.
LaTeX Font Info:    Checking defaults for T1/cmr/m/n on input line 4.
LaTeX Font Info:    ... okay on input line 4.
LaTeX Font Info:    Checking defaults for TS1/cmr/m/n on input line 4.
LaTeX Font Info:    ... okay on input line 4.
LaTeX Font Info:    Checking defaults for OMX/cmex/m/n on input line 4.
LaTeX Font Info:    ... okay on input line 4.
LaTeX Font Info:    Checking defaults for U/cmr/m/n on input line 4.
LaTeX Font Info:    ... okay on input line 4.
Package scrbase Info: activating english \contentsname on input line 4.
Package scrbase Info: activating english \listfigurename on input line 4.
Package scrbase Info: activating english \listtablename on input line 4.
\AtBeginShipoutBox=\box50

(/usr/local/texlive/2020/texmf-dist/tex/context/base/mkii/supp-pdf.mkii
[Loading MPS to PDF converter (version 2006.09.02).]
\scratchcounter=\count182
\scratchdimen=\dimen141
\scratchbox=\box51
\nofMPsegments=\count183
\nofMParguments=\count184
\everyMPshowfont=\toks18
\MPscratchCnt=\count185
\MPscratchDim=\dimen142
\MPnumerator=\count186
\makeMPintoPDFobject=\count187
\everyMPtoPDFconversion=\toks19
) (/usr/local/texlive/2020/texmf-dist/tex/latex/epstopdf-pkg/epstopdf-base.sty
Package: epstopdf-base 2020-01-24 v2.11 Base part for package epstopdf
Package epstopdf-base Info: Redefining graphics rule for `.eps' on input line 4
85.

(/usr/local/texlive/2020/texmf-dist/tex/latex/latexconfig/epstopdf-sys.cfg
File: epstopdf-sys.cfg 2010/07/13 v1.3 Configuration of (r)epstopdf for TeX Liv
e
))
(/usr/local/texlive/2020/texmf-dist/tex/latex/pdflscape/pdflscape.sty
Package: pdflscape 2019/12/05 v0.12 Display of landscape pages in PDF (HO)

(/usr/local/texlive/2020/texmf-dist/tex/latex/graphics/lscape.sty
Package: lscape 2000/10/22 v3.01 Landscape Pages (DPC)
)
Package pdflscape Info: Auto-detected driver: pdftex on input line 81.
)
<synopsis.pdf, id=1, 421.10124pt x 597.50829pt>
File: synopsis.pdf Graphic file (type pdf)
<use synopsis.pdf>
Package pdftex.def Info: synopsis.pdf  used on input line 5.
(pdftex.def)             Requested size: 421.1002pt x 597.50682pt.
File: synopsis.pdf Graphic file (type pdf)
<use synopsis.pdf>
Package pdftex.def Info: synopsis.pdf  used on input line 5.
(pdftex.def)             Requested size: 421.1002pt x 597.50682pt.
<synopsis.pdf, id=4, page=1, 421.10124pt x 597.50829pt>
File: synopsis.pdf Graphic file (type pdf)
<use synopsis.pdf, page 1>
Package pdftex.def Info: synopsis.pdf , page1 used on input line 5.
(pdftex.def)             Requested size: 421.1002pt x 597.50682pt.
File: synopsis.pdf Graphic file (type pdf)
<use synopsis.pdf, page 1>
Package pdftex.def Info: synopsis.pdf , page1 used on input line 5.
(pdftex.def)             Requested size: 421.4536pt x 598.00826pt.
File: synopsis.pdf Graphic file (type pdf)
<use synopsis.pdf, page 1>
Package pdftex.def Info: synopsis.pdf , page1 used on input line 5.
(pdftex.def)             Requested size: 421.4536pt x 598.00826pt.
File: synopsis.pdf Graphic file (type pdf)
<use synopsis.pdf, page 1>
Package pdftex.def Info: synopsis.pdf , page1 used on input line 5.
(pdftex.def)             Requested size: 421.4536pt x 598.00826pt.
File: synopsis.pdf Graphic file (type pdf)
<use synopsis.pdf, page 1>
Package pdftex.def Info: synopsis.pdf , page1 used on input line 5.
(pdftex.def)             Requested size: 421.4536pt x 598.00826pt.
File: synopsis.pdf Graphic file (type pdf)
<use synopsis.pdf, page 1>
Package pdftex.def Info: synopsis.pdf , page1 used on input line 5.
(pdftex.def)             Requested size: 421.4536pt x 598.00826pt.
File: synopsis.pdf Graphic file (type pdf)
<use synopsis.pdf, page 1>
Package pdftex.def Info: synopsis.pdf , page1 used on input line 5.
(pdftex.def)             Requested size: 421.4536pt x 598.00826pt.
 [1

 <./synopsis.pdf{/usr/local/texlive/2020/texmf-var/fonts/map/pdftex/updmap/pdft
ex.map}>]
File: synopsis.pdf Graphic file (type pdf)
<use synopsis.pdf, page 1>
Package pdftex.def Info: synopsis.pdf , page1 used on input line 5.
(pdftex.def)             Requested size: 421.4536pt x 598.00826pt.
File: synopsis.pdf Graphic file (type pdf)
<use synopsis.pdf, page 1>
Package pdftex.def Info: synopsis.pdf , page1 used on input line 5.
(pdftex.def)             Requested size: 421.4536pt x 598.00826pt.
<synopsis.pdf, id=51, page=2, 421.10124pt x 597.50829pt>
File: synopsis.pdf Graphic file (type pdf)
<use synopsis.pdf, page 2>
Package pdftex.def Info: synopsis.pdf , page2 used on input line 5.
(pdftex.def)             Requested size: 421.4536pt x 598.00826pt.
File: synopsis.pdf Graphic file (type pdf)
<use synopsis.pdf, page 2>
Package pdftex.def Info: synopsis.pdf , page2 used on input line 5.
(pdftex.def)             Requested size: 421.4536pt x 598.00826pt.
File: synopsis.pdf Graphic file (type pdf)
<use synopsis.pdf, page 2>
Package pdftex.def Info: synopsis.pdf , page2 used on input line 5.
(pdftex.def)             Requested size: 421.4536pt x 598.00826pt.
[2 <./synopsis.pdf>]
<synopsis.pdf, id=68, page=42, 421.10124pt x 597.50829pt>
File: synopsis.pdf Graphic file (type pdf)
<use synopsis.pdf, page 42>
Package pdftex.def Info: synopsis.pdf , page42 used on input line 5.
(pdftex.def)             Requested size: 421.4536pt x 598.00826pt.
File: synopsis.pdf Graphic file (type pdf)
<use synopsis.pdf, page 42>
Package pdftex.def Info: synopsis.pdf , page42 used on input line 5.
(pdftex.def)             Requested size: 421.4536pt x 598.00826pt.
<synopsis.pdf, id=69, page=3, 421.10124pt x 597.50829pt>
File: synopsis.pdf Graphic file (type pdf)
<use synopsis.pdf, page 3>
Package pdftex.def Info: synopsis.pdf , page3 used on input line 5.
(pdftex.def)             Requested size: 421.4536pt x 598.00826pt.
File: synopsis.pdf Graphic file (type pdf)
<use synopsis.pdf, page 3>
Package pdftex.def Info: synopsis.pdf , page3 used on input line 5.
(pdftex.def)             Requested size: 421.4536pt x 598.00826pt.
File: synopsis.pdf Graphic file (type pdf)
<use synopsis.pdf, page 42>
Package pdftex.def Info: synopsis.pdf , page42 used on input line 5.
(pdftex.def)             Requested size: 421.4536pt x 598.00826pt.
File: synopsis.pdf Graphic file (type pdf)
<use synopsis.pdf, page 3>
Package pdftex.def Info: synopsis.pdf , page3 used on input line 5.
(pdftex.def)             Requested size: 421.4536pt x 598.00826pt.
 [3 <./synopsis.pdf> <./synopsis.pdf>]
<synopsis.pdf, id=94, page=41, 421.10124pt x 597.50829pt>
File: synopsis.pdf Graphic file (type pdf)
<use synopsis.pdf, page 41>
Package pdftex.def Info: synopsis.pdf , page41 used on input line 5.
(pdftex.def)             Requested size: 421.4536pt x 598.00826pt.
File: synopsis.pdf Graphic file (type pdf)
<use synopsis.pdf, page 41>
Package pdftex.def Info: synopsis.pdf , page41 used on input line 5.
(pdftex.def)             Requested size: 421.4536pt x 598.00826pt.
<synopsis.pdf, id=95, page=4, 421.10124pt x 597.50829pt>
File: synopsis.pdf Graphic file (type pdf)
<use synopsis.pdf, page 4>
Package pdftex.def Info: synopsis.pdf , page4 used on input line 5.
(pdftex.def)             Requested size: 421.4536pt x 598.00826pt.
File: synopsis.pdf Graphic file (type pdf)
<use synopsis.pdf, page 4>
Package pdftex.def Info: synopsis.pdf , page4 used on input line 5.
(pdftex.def)             Requested size: 421.4536pt x 598.00826pt.
File: synopsis.pdf Graphic file (type pdf)
<use synopsis.pdf, page 41>
Package pdftex.def Info: synopsis.pdf , page41 used on input line 5.
(pdftex.def)             Requested size: 421.4536pt x 598.00826pt.
File: synopsis.pdf Graphic file (type pdf)
<use synopsis.pdf, page 4>
Package pdftex.def Info: synopsis.pdf , page4 used on input line 5.
(pdftex.def)             Requested size: 421.4536pt x 598.00826pt.
 [4 <./synopsis.pdf> <./synopsis.pdf>]
<synopsis.pdf, id=106, page=40, 421.10124pt x 597.50829pt>
File: synopsis.pdf Graphic file (type pdf)
<use synopsis.pdf, page 40>
Package pdftex.def Info: synopsis.pdf , page40 used on input line 5.
(pdftex.def)             Requested size: 421.4536pt x 598.00826pt.
File: synopsis.pdf Graphic file (type pdf)
<use synopsis.pdf, page 40>
Package pdftex.def Info: synopsis.pdf , page40 used on input line 5.
(pdftex.def)             Requested size: 421.4536pt x 598.00826pt.
<synopsis.pdf, id=107, page=5, 421.10124pt x 597.50829pt>
File: synopsis.pdf Graphic file (type pdf)
<use synopsis.pdf, page 5>
Package pdftex.def Info: synopsis.pdf , page5 used on input line 5.
(pdftex.def)             Requested size: 421.4536pt x 598.00826pt.
File: synopsis.pdf Graphic file (type pdf)
<use synopsis.pdf, page 5>
Package pdftex.def Info: synopsis.pdf , page5 used on input line 5.
(pdftex.def)             Requested size: 421.4536pt x 598.00826pt.
File: synopsis.pdf Graphic file (type pdf)
<use synopsis.pdf, page 40>
Package pdftex.def Info: synopsis.pdf , page40 used on input line 5.
(pdftex.def)             Requested size: 421.4536pt x 598.00826pt.
File: synopsis.pdf Graphic file (type pdf)
<use synopsis.pdf, page 5>
Package pdftex.def Info: synopsis.pdf , page5 used on input line 5.
(pdftex.def)             Requested size: 421.4536pt x 598.00826pt.
 [5 <./synopsis.pdf> <./synopsis.pdf>]
<synopsis.pdf, id=126, page=39, 421.10124pt x 597.50829pt>
File: synopsis.pdf Graphic file (type pdf)
<use synopsis.pdf, page 39>
Package pdftex.def Info: synopsis.pdf , page39 used on input line 5.
(pdftex.def)             Requested size: 421.4536pt x 598.00826pt.
File: synopsis.pdf Graphic file (type pdf)
<use synopsis.pdf, page 39>
Package pdftex.def Info: synopsis.pdf , page39 used on input line 5.
(pdftex.def)             Requested size: 421.4536pt x 598.00826pt.
<synopsis.pdf, id=127, page=6, 421.10124pt x 597.50829pt>
File: synopsis.pdf Graphic file (type pdf)
<use synopsis.pdf, page 6>
Package pdftex.def Info: synopsis.pdf , page6 used on input line 5.
(pdftex.def)             Requested size: 421.4536pt x 598.00826pt.
File: synopsis.pdf Graphic file (type pdf)
<use synopsis.pdf, page 6>
Package pdftex.def Info: synopsis.pdf , page6 used on input line 5.
(pdftex.def)             Requested size: 421.4536pt x 598.00826pt.
File: synopsis.pdf Graphic file (type pdf)
<use synopsis.pdf, page 39>
Package pdftex.def Info: synopsis.pdf , page39 used on input line 5.
(pdftex.def)             Requested size: 421.4536pt x 598.00826pt.
File: synopsis.pdf Graphic file (type pdf)
<use synopsis.pdf, page 6>
Package pdftex.def Info: synopsis.pdf , page6 used on input line 5.
(pdftex.def)             Requested size: 421.4536pt x 598.00826pt.
 [6 <./synopsis.pdf> <./synopsis.pdf>]
<synopsis.pdf, id=134, page=38, 421.10124pt x 597.50829pt>
File: synopsis.pdf Graphic file (type pdf)
<use synopsis.pdf, page 38>
Package pdftex.def Info: synopsis.pdf , page38 used on input line 5.
(pdftex.def)             Requested size: 421.4536pt x 598.00826pt.
File: synopsis.pdf Graphic file (type pdf)
<use synopsis.pdf, page 38>
Package pdftex.def Info: synopsis.pdf , page38 used on input line 5.
(pdftex.def)             Requested size: 421.4536pt x 598.00826pt.
<synopsis.pdf, id=135, page=7, 421.10124pt x 597.50829pt>
File: synopsis.pdf Graphic file (type pdf)
<use synopsis.pdf, page 7>
Package pdftex.def Info: synopsis.pdf , page7 used on input line 5.
(pdftex.def)             Requested size: 421.4536pt x 598.00826pt.
File: synopsis.pdf Graphic file (type pdf)
<use synopsis.pdf, page 7>
Package pdftex.def Info: synopsis.pdf , page7 used on input line 5.
(pdftex.def)             Requested size: 421.4536pt x 598.00826pt.
File: synopsis.pdf Graphic file (type pdf)
<use synopsis.pdf, page 38>
Package pdftex.def Info: synopsis.pdf , page38 used on input line 5.
(pdftex.def)             Requested size: 421.4536pt x 598.00826pt.
File: synopsis.pdf Graphic file (type pdf)
<use synopsis.pdf, page 7>
Package pdftex.def Info: synopsis.pdf , page7 used on input line 5.
(pdftex.def)             Requested size: 421.4536pt x 598.00826pt.
 [7 <./synopsis.pdf> <./synopsis.pdf>]
<synopsis.pdf, id=140, page=37, 421.10124pt x 597.50829pt>
File: synopsis.pdf Graphic file (type pdf)
<use synopsis.pdf, page 37>
Package pdftex.def Info: synopsis.pdf , page37 used on input line 5.
(pdftex.def)             Requested size: 421.4536pt x 598.00826pt.
File: synopsis.pdf Graphic file (type pdf)
<use synopsis.pdf, page 37>
Package pdftex.def Info: synopsis.pdf , page37 used on input line 5.
(pdftex.def)             Requested size: 421.4536pt x 598.00826pt.
<synopsis.pdf, id=141, page=8, 421.10124pt x 597.50829pt>
File: synopsis.pdf Graphic file (type pdf)
<use synopsis.pdf, page 8>
Package pdftex.def Info: synopsis.pdf , page8 used on input line 5.
(pdftex.def)             Requested size: 421.4536pt x 598.00826pt.
File: synopsis.pdf Graphic file (type pdf)
<use synopsis.pdf, page 8>
Package pdftex.def Info: synopsis.pdf , page8 used on input line 5.
(pdftex.def)             Requested size: 421.4536pt x 598.00826pt.
File: synopsis.pdf Graphic file (type pdf)
<use synopsis.pdf, page 37>
Package pdftex.def Info: synopsis.pdf , page37 used on input line 5.
(pdftex.def)             Requested size: 421.4536pt x 598.00826pt.
File: synopsis.pdf Graphic file (type pdf)
<use synopsis.pdf, page 8>
Package pdftex.def Info: synopsis.pdf , page8 used on input line 5.
(pdftex.def)             Requested size: 421.4536pt x 598.00826pt.
 [8 <./synopsis.pdf> <./synopsis.pdf>]
<synopsis.pdf, id=145, page=36, 421.10124pt x 597.50829pt>
File: synopsis.pdf Graphic file (type pdf)
<use synopsis.pdf, page 36>
Package pdftex.def Info: synopsis.pdf , page36 used on input line 5.
(pdftex.def)             Requested size: 421.4536pt x 598.00826pt.
File: synopsis.pdf Graphic file (type pdf)
<use synopsis.pdf, page 36>
Package pdftex.def Info: synopsis.pdf , page36 used on input line 5.
(pdftex.def)             Requested size: 421.4536pt x 598.00826pt.
<synopsis.pdf, id=146, page=9, 421.10124pt x 597.50829pt>
File: synopsis.pdf Graphic file (type pdf)
<use synopsis.pdf, page 9>
Package pdftex.def Info: synopsis.pdf , page9 used on input line 5.
(pdftex.def)             Requested size: 421.4536pt x 598.00826pt.
File: synopsis.pdf Graphic file (type pdf)
<use synopsis.pdf, page 9>
Package pdftex.def Info: synopsis.pdf , page9 used on input line 5.
(pdftex.def)             Requested size: 421.4536pt x 598.00826pt.
File: synopsis.pdf Graphic file (type pdf)
<use synopsis.pdf, page 36>
Package pdftex.def Info: synopsis.pdf , page36 used on input line 5.
(pdftex.def)             Requested size: 421.4536pt x 598.00826pt.
File: synopsis.pdf Graphic file (type pdf)
<use synopsis.pdf, page 9>
Package pdftex.def Info: synopsis.pdf , page9 used on input line 5.
(pdftex.def)             Requested size: 421.4536pt x 598.00826pt.
 [9 <./synopsis.pdf> <./synopsis.pdf>]
<synopsis.pdf, id=150, page=35, 421.10124pt x 597.50829pt>
File: synopsis.pdf Graphic file (type pdf)
<use synopsis.pdf, page 35>
Package pdftex.def Info: synopsis.pdf , page35 used on input line 5.
(pdftex.def)             Requested size: 421.4536pt x 598.00826pt.
File: synopsis.pdf Graphic file (type pdf)
<use synopsis.pdf, page 35>
Package pdftex.def Info: synopsis.pdf , page35 used on input line 5.
(pdftex.def)             Requested size: 421.4536pt x 598.00826pt.
<synopsis.pdf, id=151, page=10, 421.10124pt x 597.50829pt>
File: synopsis.pdf Graphic file (type pdf)
<use synopsis.pdf, page 10>
Package pdftex.def Info: synopsis.pdf , page10 used on input line 5.
(pdftex.def)             Requested size: 421.4536pt x 598.00826pt.
File: synopsis.pdf Graphic file (type pdf)
<use synopsis.pdf, page 10>
Package pdftex.def Info: synopsis.pdf , page10 used on input line 5.
(pdftex.def)             Requested size: 421.4536pt x 598.00826pt.
File: synopsis.pdf Graphic file (type pdf)
<use synopsis.pdf, page 35>
Package pdftex.def Info: synopsis.pdf , page35 used on input line 5.
(pdftex.def)             Requested size: 421.4536pt x 598.00826pt.
File: synopsis.pdf Graphic file (type pdf)
<use synopsis.pdf, page 10>
Package pdftex.def Info: synopsis.pdf , page10 used on input line 5.
(pdftex.def)             Requested size: 421.4536pt x 598.00826pt.
 [10 <./synopsis.pdf> <./synopsis.pdf>]
<synopsis.pdf, id=155, page=34, 421.10124pt x 597.50829pt>
File: synopsis.pdf Graphic file (type pdf)
<use synopsis.pdf, page 34>
Package pdftex.def Info: synopsis.pdf , page34 used on input line 5.
(pdftex.def)             Requested size: 421.4536pt x 598.00826pt.
File: synopsis.pdf Graphic file (type pdf)
<use synopsis.pdf, page 34>
Package pdftex.def Info: synopsis.pdf , page34 used on input line 5.
(pdftex.def)             Requested size: 421.4536pt x 598.00826pt.
<synopsis.pdf, id=156, page=11, 421.10124pt x 597.50829pt>
File: synopsis.pdf Graphic file (type pdf)
<use synopsis.pdf, page 11>
Package pdftex.def Info: synopsis.pdf , page11 used on input line 5.
(pdftex.def)             Requested size: 421.4536pt x 598.00826pt.
File: synopsis.pdf Graphic file (type pdf)
<use synopsis.pdf, page 11>
Package pdftex.def Info: synopsis.pdf , page11 used on input line 5.
(pdftex.def)             Requested size: 421.4536pt x 598.00826pt.
File: synopsis.pdf Graphic file (type pdf)
<use synopsis.pdf, page 34>
Package pdftex.def Info: synopsis.pdf , page34 used on input line 5.
(pdftex.def)             Requested size: 421.4536pt x 598.00826pt.
File: synopsis.pdf Graphic file (type pdf)
<use synopsis.pdf, page 11>
Package pdftex.def Info: synopsis.pdf , page11 used on input line 5.
(pdftex.def)             Requested size: 421.4536pt x 598.00826pt.
 [11 <./synopsis.pdf> <./synopsis.pdf>]
<synopsis.pdf, id=183, page=33, 421.10124pt x 597.50829pt>
File: synopsis.pdf Graphic file (type pdf)
<use synopsis.pdf, page 33>
Package pdftex.def Info: synopsis.pdf , page33 used on input line 5.
(pdftex.def)             Requested size: 421.4536pt x 598.00826pt.
File: synopsis.pdf Graphic file (type pdf)
<use synopsis.pdf, page 33>
Package pdftex.def Info: synopsis.pdf , page33 used on input line 5.
(pdftex.def)             Requested size: 421.4536pt x 598.00826pt.
<synopsis.pdf, id=184, page=12, 421.10124pt x 597.50829pt>
File: synopsis.pdf Graphic file (type pdf)
<use synopsis.pdf, page 12>
Package pdftex.def Info: synopsis.pdf , page12 used on input line 5.
(pdftex.def)             Requested size: 421.4536pt x 598.00826pt.
File: synopsis.pdf Graphic file (type pdf)
<use synopsis.pdf, page 12>
Package pdftex.def Info: synopsis.pdf , page12 used on input line 5.
(pdftex.def)             Requested size: 421.4536pt x 598.00826pt.
File: synopsis.pdf Graphic file (type pdf)
<use synopsis.pdf, page 33>
Package pdftex.def Info: synopsis.pdf , page33 used on input line 5.
(pdftex.def)             Requested size: 421.4536pt x 598.00826pt.
File: synopsis.pdf Graphic file (type pdf)
<use synopsis.pdf, page 12>
Package pdftex.def Info: synopsis.pdf , page12 used on input line 5.
(pdftex.def)             Requested size: 421.4536pt x 598.00826pt.
 [12 <./synopsis.pdf> <./synopsis.pdf>]
<synopsis.pdf, id=188, page=32, 421.10124pt x 597.50829pt>
File: synopsis.pdf Graphic file (type pdf)
<use synopsis.pdf, page 32>
Package pdftex.def Info: synopsis.pdf , page32 used on input line 5.
(pdftex.def)             Requested size: 421.4536pt x 598.00826pt.
File: synopsis.pdf Graphic file (type pdf)
<use synopsis.pdf, page 32>
Package pdftex.def Info: synopsis.pdf , page32 used on input line 5.
(pdftex.def)             Requested size: 421.4536pt x 598.00826pt.
<synopsis.pdf, id=189, page=13, 421.10124pt x 597.50829pt>
File: synopsis.pdf Graphic file (type pdf)
<use synopsis.pdf, page 13>
Package pdftex.def Info: synopsis.pdf , page13 used on input line 5.
(pdftex.def)             Requested size: 421.4536pt x 598.00826pt.
File: synopsis.pdf Graphic file (type pdf)
<use synopsis.pdf, page 13>
Package pdftex.def Info: synopsis.pdf , page13 used on input line 5.
(pdftex.def)             Requested size: 421.4536pt x 598.00826pt.
File: synopsis.pdf Graphic file (type pdf)
<use synopsis.pdf, page 32>
Package pdftex.def Info: synopsis.pdf , page32 used on input line 5.
(pdftex.def)             Requested size: 421.4536pt x 598.00826pt.
File: synopsis.pdf Graphic file (type pdf)
<use synopsis.pdf, page 13>
Package pdftex.def Info: synopsis.pdf , page13 used on input line 5.
(pdftex.def)             Requested size: 421.4536pt x 598.00826pt.
 [13 <./synopsis.pdf> <./synopsis.pdf>]
<synopsis.pdf, id=245, page=31, 421.10124pt x 597.50829pt>
File: synopsis.pdf Graphic file (type pdf)
<use synopsis.pdf, page 31>
Package pdftex.def Info: synopsis.pdf , page31 used on input line 5.
(pdftex.def)             Requested size: 421.4536pt x 598.00826pt.
File: synopsis.pdf Graphic file (type pdf)
<use synopsis.pdf, page 31>
Package pdftex.def Info: synopsis.pdf , page31 used on input line 5.
(pdftex.def)             Requested size: 421.4536pt x 598.00826pt.
<synopsis.pdf, id=246, page=14, 421.10124pt x 597.50829pt>
File: synopsis.pdf Graphic file (type pdf)
<use synopsis.pdf, page 14>
Package pdftex.def Info: synopsis.pdf , page14 used on input line 5.
(pdftex.def)             Requested size: 421.4536pt x 598.00826pt.
File: synopsis.pdf Graphic file (type pdf)
<use synopsis.pdf, page 14>
Package pdftex.def Info: synopsis.pdf , page14 used on input line 5.
(pdftex.def)             Requested size: 421.4536pt x 598.00826pt.
File: synopsis.pdf Graphic file (type pdf)
<use synopsis.pdf, page 31>
Package pdftex.def Info: synopsis.pdf , page31 used on input line 5.
(pdftex.def)             Requested size: 421.4536pt x 598.00826pt.
File: synopsis.pdf Graphic file (type pdf)
<use synopsis.pdf, page 14>
Package pdftex.def Info: synopsis.pdf , page14 used on input line 5.
(pdftex.def)             Requested size: 421.4536pt x 598.00826pt.
 [14 <./synopsis.pdf> <./synopsis.pdf>]
<synopsis.pdf, id=250, page=30, 421.10124pt x 597.50829pt>
File: synopsis.pdf Graphic file (type pdf)
<use synopsis.pdf, page 30>
Package pdftex.def Info: synopsis.pdf , page30 used on input line 5.
(pdftex.def)             Requested size: 421.4536pt x 598.00826pt.
File: synopsis.pdf Graphic file (type pdf)
<use synopsis.pdf, page 30>
Package pdftex.def Info: synopsis.pdf , page30 used on input line 5.
(pdftex.def)             Requested size: 421.4536pt x 598.00826pt.
<synopsis.pdf, id=251, page=15, 421.10124pt x 597.50829pt>
File: synopsis.pdf Graphic file (type pdf)
<use synopsis.pdf, page 15>
Package pdftex.def Info: synopsis.pdf , page15 used on input line 5.
(pdftex.def)             Requested size: 421.4536pt x 598.00826pt.
File: synopsis.pdf Graphic file (type pdf)
<use synopsis.pdf, page 15>
Package pdftex.def Info: synopsis.pdf , page15 used on input line 5.
(pdftex.def)             Requested size: 421.4536pt x 598.00826pt.
File: synopsis.pdf Graphic file (type pdf)
<use synopsis.pdf, page 30>
Package pdftex.def Info: synopsis.pdf , page30 used on input line 5.
(pdftex.def)             Requested size: 421.4536pt x 598.00826pt.
File: synopsis.pdf Graphic file (type pdf)
<use synopsis.pdf, page 15>
Package pdftex.def Info: synopsis.pdf , page15 used on input line 5.
(pdftex.def)             Requested size: 421.4536pt x 598.00826pt.
 [15 <./synopsis.pdf> <./synopsis.pdf>]
<synopsis.pdf, id=305, page=29, 421.10124pt x 597.50829pt>
File: synopsis.pdf Graphic file (type pdf)
<use synopsis.pdf, page 29>
Package pdftex.def Info: synopsis.pdf , page29 used on input line 5.
(pdftex.def)             Requested size: 421.4536pt x 598.00826pt.
File: synopsis.pdf Graphic file (type pdf)
<use synopsis.pdf, page 29>
Package pdftex.def Info: synopsis.pdf , page29 used on input line 5.
(pdftex.def)             Requested size: 421.4536pt x 598.00826pt.
<synopsis.pdf, id=306, page=16, 421.10124pt x 597.50829pt>
File: synopsis.pdf Graphic file (type pdf)
<use synopsis.pdf, page 16>
Package pdftex.def Info: synopsis.pdf , page16 used on input line 5.
(pdftex.def)             Requested size: 421.4536pt x 598.00826pt.
File: synopsis.pdf Graphic file (type pdf)
<use synopsis.pdf, page 16>
Package pdftex.def Info: synopsis.pdf , page16 used on input line 5.
(pdftex.def)             Requested size: 421.4536pt x 598.00826pt.
File: synopsis.pdf Graphic file (type pdf)
<use synopsis.pdf, page 29>
Package pdftex.def Info: synopsis.pdf , page29 used on input line 5.
(pdftex.def)             Requested size: 421.4536pt x 598.00826pt.
File: synopsis.pdf Graphic file (type pdf)
<use synopsis.pdf, page 16>
Package pdftex.def Info: synopsis.pdf , page16 used on input line 5.
(pdftex.def)             Requested size: 421.4536pt x 598.00826pt.
 [16 <./synopsis.pdf> <./synopsis.pdf

pdfTeX warning: pdflatex (file ./synopsis.pdf): PDF inclusion: multiple pdfs wi
th page group included in a single page
>]
<synopsis.pdf, id=363, page=28, 421.10124pt x 597.50829pt>
File: synopsis.pdf Graphic file (type pdf)
<use synopsis.pdf, page 28>
Package pdftex.def Info: synopsis.pdf , page28 used on input line 5.
(pdftex.def)             Requested size: 421.4536pt x 598.00826pt.
File: synopsis.pdf Graphic file (type pdf)
<use synopsis.pdf, page 28>
Package pdftex.def Info: synopsis.pdf , page28 used on input line 5.
(pdftex.def)             Requested size: 421.4536pt x 598.00826pt.
<synopsis.pdf, id=364, page=17, 421.10124pt x 597.50829pt>
File: synopsis.pdf Graphic file (type pdf)
<use synopsis.pdf, page 17>
Package pdftex.def Info: synopsis.pdf , page17 used on input line 5.
(pdftex.def)             Requested size: 421.4536pt x 598.00826pt.
File: synopsis.pdf Graphic file (type pdf)
<use synopsis.pdf, page 17>
Package pdftex.def Info: synopsis.pdf , page17 used on input line 5.
(pdftex.def)             Requested size: 421.4536pt x 598.00826pt.
File: synopsis.pdf Graphic file (type pdf)
<use synopsis.pdf, page 28>
Package pdftex.def Info: synopsis.pdf , page28 used on input line 5.
(pdftex.def)             Requested size: 421.4536pt x 598.00826pt.
File: synopsis.pdf Graphic file (type pdf)
<use synopsis.pdf, page 17>
Package pdftex.def Info: synopsis.pdf , page17 used on input line 5.
(pdftex.def)             Requested size: 421.4536pt x 598.00826pt.
 [17 <./synopsis.pdf> <./synopsis.pdf>]
<synopsis.pdf, id=390, page=27, 421.10124pt x 597.50829pt>
File: synopsis.pdf Graphic file (type pdf)
<use synopsis.pdf, page 27>
Package pdftex.def Info: synopsis.pdf , page27 used on input line 5.
(pdftex.def)             Requested size: 421.4536pt x 598.00826pt.
File: synopsis.pdf Graphic file (type pdf)
<use synopsis.pdf, page 27>
Package pdftex.def Info: synopsis.pdf , page27 used on input line 5.
(pdftex.def)             Requested size: 421.4536pt x 598.00826pt.
<synopsis.pdf, id=391, page=18, 421.10124pt x 597.50829pt>
File: synopsis.pdf Graphic file (type pdf)
<use synopsis.pdf, page 18>
Package pdftex.def Info: synopsis.pdf , page18 used on input line 5.
(pdftex.def)             Requested size: 421.4536pt x 598.00826pt.
File: synopsis.pdf Graphic file (type pdf)
<use synopsis.pdf, page 18>
Package pdftex.def Info: synopsis.pdf , page18 used on input line 5.
(pdftex.def)             Requested size: 421.4536pt x 598.00826pt.
File: synopsis.pdf Graphic file (type pdf)
<use synopsis.pdf, page 27>
Package pdftex.def Info: synopsis.pdf , page27 used on input line 5.
(pdftex.def)             Requested size: 421.4536pt x 598.00826pt.
File: synopsis.pdf Graphic file (type pdf)
<use synopsis.pdf, page 18>
Package pdftex.def Info: synopsis.pdf , page18 used on input line 5.
(pdftex.def)             Requested size: 421.4536pt x 598.00826pt.
 [18 <./synopsis.pdf> <./synopsis.pdf>]
<synopsis.pdf, id=463, page=26, 421.10124pt x 597.50829pt>
File: synopsis.pdf Graphic file (type pdf)
<use synopsis.pdf, page 26>
Package pdftex.def Info: synopsis.pdf , page26 used on input line 5.
(pdftex.def)             Requested size: 421.4536pt x 598.00826pt.
File: synopsis.pdf Graphic file (type pdf)
<use synopsis.pdf, page 26>
Package pdftex.def Info: synopsis.pdf , page26 used on input line 5.
(pdftex.def)             Requested size: 421.4536pt x 598.00826pt.
<synopsis.pdf, id=464, page=19, 421.10124pt x 597.50829pt>
File: synopsis.pdf Graphic file (type pdf)
<use synopsis.pdf, page 19>
Package pdftex.def Info: synopsis.pdf , page19 used on input line 5.
(pdftex.def)             Requested size: 421.4536pt x 598.00826pt.
File: synopsis.pdf Graphic file (type pdf)
<use synopsis.pdf, page 19>
Package pdftex.def Info: synopsis.pdf , page19 used on input line 5.
(pdftex.def)             Requested size: 421.4536pt x 598.00826pt.
File: synopsis.pdf Graphic file (type pdf)
<use synopsis.pdf, page 26>
Package pdftex.def Info: synopsis.pdf , page26 used on input line 5.
(pdftex.def)             Requested size: 421.4536pt x 598.00826pt.
File: synopsis.pdf Graphic file (type pdf)
<use synopsis.pdf, page 19>
Package pdftex.def Info: synopsis.pdf , page19 used on input line 5.
(pdftex.def)             Requested size: 421.4536pt x 598.00826pt.
 [19 <./synopsis.pdf> <./synopsis.pdf>]
<synopsis.pdf, id=469, page=25, 421.10124pt x 597.50829pt>
File: synopsis.pdf Graphic file (type pdf)
<use synopsis.pdf, page 25>
Package pdftex.def Info: synopsis.pdf , page25 used on input line 5.
(pdftex.def)             Requested size: 421.4536pt x 598.00826pt.
File: synopsis.pdf Graphic file (type pdf)
<use synopsis.pdf, page 25>
Package pdftex.def Info: synopsis.pdf , page25 used on input line 5.
(pdftex.def)             Requested size: 421.4536pt x 598.00826pt.
<synopsis.pdf, id=470, page=20, 421.10124pt x 597.50829pt>
File: synopsis.pdf Graphic file (type pdf)
<use synopsis.pdf, page 20>
Package pdftex.def Info: synopsis.pdf , page20 used on input line 5.
(pdftex.def)             Requested size: 421.4536pt x 598.00826pt.
File: synopsis.pdf Graphic file (type pdf)
<use synopsis.pdf, page 20>
Package pdftex.def Info: synopsis.pdf , page20 used on input line 5.
(pdftex.def)             Requested size: 421.4536pt x 598.00826pt.
File: synopsis.pdf Graphic file (type pdf)
<use synopsis.pdf, page 25>
Package pdftex.def Info: synopsis.pdf , page25 used on input line 5.
(pdftex.def)             Requested size: 421.4536pt x 598.00826pt.
File: synopsis.pdf Graphic file (type pdf)
<use synopsis.pdf, page 20>
Package pdftex.def Info: synopsis.pdf , page20 used on input line 5.
(pdftex.def)             Requested size: 421.4536pt x 598.00826pt.
 [20 <./synopsis.pdf> <./synopsis.pdf>]
<synopsis.pdf, id=559, page=24, 421.10124pt x 597.50829pt>
File: synopsis.pdf Graphic file (type pdf)
<use synopsis.pdf, page 24>
Package pdftex.def Info: synopsis.pdf , page24 used on input line 5.
(pdftex.def)             Requested size: 421.4536pt x 598.00826pt.
File: synopsis.pdf Graphic file (type pdf)
<use synopsis.pdf, page 24>
Package pdftex.def Info: synopsis.pdf , page24 used on input line 5.
(pdftex.def)             Requested size: 421.4536pt x 598.00826pt.
<synopsis.pdf, id=560, page=21, 421.10124pt x 597.50829pt>
File: synopsis.pdf Graphic file (type pdf)
<use synopsis.pdf, page 21>
Package pdftex.def Info: synopsis.pdf , page21 used on input line 5.
(pdftex.def)             Requested size: 421.4536pt x 598.00826pt.
File: synopsis.pdf Graphic file (type pdf)
<use synopsis.pdf, page 21>
Package pdftex.def Info: synopsis.pdf , page21 used on input line 5.
(pdftex.def)             Requested size: 421.4536pt x 598.00826pt.
File: synopsis.pdf Graphic file (type pdf)
<use synopsis.pdf, page 24>
Package pdftex.def Info: synopsis.pdf , page24 used on input line 5.
(pdftex.def)             Requested size: 421.4536pt x 598.00826pt.
File: synopsis.pdf Graphic file (type pdf)
<use synopsis.pdf, page 21>
Package pdftex.def Info: synopsis.pdf , page21 used on input line 5.
(pdftex.def)             Requested size: 421.4536pt x 598.00826pt.
[21 <./synopsis.pdf> <./synopsis.pdf>]
<synopsis.pdf, id=593, page=23, 421.10124pt x 597.50829pt>
File: synopsis.pdf Graphic file (type pdf)
<use synopsis.pdf, page 23>
Package pdftex.def Info: synopsis.pdf , page23 used on input line 5.
(pdftex.def)             Requested size: 421.4536pt x 598.00826pt.
File: synopsis.pdf Graphic file (type pdf)
<use synopsis.pdf, page 23>
Package pdftex.def Info: synopsis.pdf , page23 used on input line 5.
(pdftex.def)             Requested size: 421.4536pt x 598.00826pt.
<synopsis.pdf, id=594, page=22, 421.10124pt x 597.50829pt>
File: synopsis.pdf Graphic file (type pdf)
<use synopsis.pdf, page 22>
Package pdftex.def Info: synopsis.pdf , page22 used on input line 5.
(pdftex.def)             Requested size: 421.4536pt x 598.00826pt.
File: synopsis.pdf Graphic file (type pdf)
<use synopsis.pdf, page 22>
Package pdftex.def Info: synopsis.pdf , page22 used on input line 5.
(pdftex.def)             Requested size: 421.4536pt x 598.00826pt.
File: synopsis.pdf Graphic file (type pdf)
<use synopsis.pdf, page 23>
Package pdftex.def Info: synopsis.pdf , page23 used on input line 5.
(pdftex.def)             Requested size: 421.4536pt x 598.00826pt.
File: synopsis.pdf Graphic file (type pdf)
<use synopsis.pdf, page 22>
Package pdftex.def Info: synopsis.pdf , page22 used on input line 5.
(pdftex.def)             Requested size: 421.4536pt x 598.00826pt.
 [22 <./synopsis.pdf> <./synopsis.pdf>]
(./synopsis_booklet.aux) ) 
Here is how much of TeX's memory you used:
 5317 strings out of 480608
 100654 string characters out of 5903629
 448598 words of memory out of 10000000
 21191 multiletter control sequences out of 15000+600000
 532638 words of font info for 25 fonts, out of 8000000 for 9000
 1141 hyphenation exceptions out of 8191
 43i,20n,60p,10132b,479s stack positions out of 5000i,500n,10000p,200000b,80000s
</usr/local/texlive/2020/texmf-dist/fonts/type1/publi
c/amsfonts/cm/cmmi10.pfb></usr/local/texlive/2020/texmf-dist/fonts/type1/public
/amsfonts/cm/cmr10.pfb></usr/local/texlive/2020/texmf-dist/fonts/type1/public/a
msfonts/cm/cmr7.pfb></usr/local/texlive/2020/texmf-dist/fonts/type1/public/amsf
onts/cm/cmsy10.pfb></usr/local/texlive/2020/texmf-dist/fonts/type1/public/amsfo
nts/cm/cmsy9.pfb></usr/local/texlive/2020/texmf-dist/fonts/type1/public/cm-supe
r/sfbx1000.pfb></usr/local/texlive/2020/texmf-dist/fonts/type1/public/cm-super/
sfbx1095.pfb></usr/local/texlive/2020/texmf-dist/fonts/type1/public/cm-super/sf
bx1200.pfb></usr/local/texlive/2020/texmf-dist/fonts/type1/public/cm-super/sfrm
0600.pfb></usr/local/texlive/2020/texmf-dist/fonts/type1/public/cm-super/sfrm07
00.pfb></usr/local/texlive/2020/texmf-dist/fonts/type1/public/cm-super/sfrm0800
.pfb></usr/local/texlive/2020/texmf-dist/fonts/type1/public/cm-super/sfrm0900.p
fb></usr/local/texlive/2020/texmf-dist/fonts/type1/public/cm-super/sfrm1000.pfb
></usr/local/texlive/2020/texmf-dist/fonts/type1/public/cm-super/sfrm1095.pfb><
/usr/local/texlive/2020/texmf-dist/fonts/type1/public/cm-super/sfrm1200.pfb></u
sr/local/texlive/2020/texmf-dist/fonts/type1/public/cm-super/sfti0900.pfb></usr
/local/texlive/2020/texmf-dist/fonts/type1/public/cm-super/sfti1000.pfb></usr/l
ocal/texlive/2020/texmf-dist/fonts/type1/public/cm-super/sftt1000.pfb>
Output written on synopsis_booklet.pdf (22 pages, 9002705 bytes).
PDF statistics:
 642 PDF objects out of 1000 (max. 8388607)
 411 compressed objects within 5 object streams
 0 named destinations out of 1000 (max. 500000)
 226 words of extra memory for PDF output out of 10000 (max. 10000000)

